<?xml version="1.0" encoding="UTF-8" ?>
<testsuites>

  <testsuite name="util.random" errors="0" tests="0" failures="0" time="0.009" timestamp="Tue Jan 19 2016 10:04:09 GMT+0530 (India Standard Time)">
    
  </testsuite>

</testsuites>